2025-05-19 22:17:07,983 [train_script_python_cifar100_Im21k.py] => Starting_FLaSC
2025-05-19 22:24:53,984 [train_script_python_cifar100_Im21k.py] => valid result found with seed 0 and shot 1 is 65.55600000000001
2025-05-19 22:24:53,985 [train_script_python_cifar100_Im21k.py] => Statistics for Our method Im21k, Shot 1: 
2025-05-19 22:24:53,985 [train_script_python_cifar100_Im21k.py] => Mean 65.55600000000001: 
2025-05-19 22:24:53,985 [train_script_python_cifar100_Im21k.py] => Variance 0.0: 
2025-05-19 22:24:53,985 [train_script_python_cifar100_Im21k.py] => Standard Deviation 0.0: 
2025-05-19 22:24:53,985 [train_script_python_cifar100_Im21k.py] => Done... 
2025-05-19 22:34:27,919 [train_script_python_cifar100_Im21k.py] => Starting_FLaSC
2025-05-19 22:41:31,865 [train_script_python_cifar100_Im21k.py] => valid result found with seed 0 and shot 1 is 65.55600000000001
2025-05-19 22:41:31,866 [train_script_python_cifar100_Im21k.py] => Statistics for Our method Im21k, Shot 1: 
2025-05-19 22:41:31,866 [train_script_python_cifar100_Im21k.py] => Mean 65.55600000000001: 
2025-05-19 22:41:31,866 [train_script_python_cifar100_Im21k.py] => Variance 0.0: 
2025-05-19 22:41:31,866 [train_script_python_cifar100_Im21k.py] => Standard Deviation 0.0: 
2025-05-19 22:41:31,866 [train_script_python_cifar100_Im21k.py] => Done... 
2025-05-19 22:51:02,414 [train_script_python_cifar100_Im21k.py] => Starting_FLaSC
2025-05-19 22:58:07,047 [train_script_python_cifar100_Im21k.py] => valid result found with seed 0 and shot 1 is 65.55600000000001
2025-05-19 23:05:11,825 [train_script_python_cifar100_Im21k.py] => valid result found with seed 1 and shot 1 is 68.154
2025-05-19 23:12:16,074 [train_script_python_cifar100_Im21k.py] => valid result found with seed 2 and shot 1 is 64.779
2025-05-19 23:19:21,676 [train_script_python_cifar100_Im21k.py] => valid result found with seed 3 and shot 1 is 64.91999999999999
2025-05-19 23:26:29,795 [train_script_python_cifar100_Im21k.py] => valid result found with seed 4 and shot 1 is 66.136
2025-05-19 23:33:34,147 [train_script_python_cifar100_Im21k.py] => valid result found with seed 5 and shot 1 is 63.74400000000001
2025-05-19 23:40:41,193 [train_script_python_cifar100_Im21k.py] => valid result found with seed 6 and shot 1 is 65.003
2025-05-19 23:47:46,562 [train_script_python_cifar100_Im21k.py] => valid result found with seed 7 and shot 1 is 65.41599999999998
2025-05-19 23:54:52,682 [train_script_python_cifar100_Im21k.py] => valid result found with seed 8 and shot 1 is 65.166
2025-05-20 00:01:59,900 [train_script_python_cifar100_Im21k.py] => valid result found with seed 9 and shot 1 is 67.261
2025-05-20 00:01:59,901 [train_script_python_cifar100_Im21k.py] => Statistics for Our method Im21k, Shot 1: 
2025-05-20 00:01:59,901 [train_script_python_cifar100_Im21k.py] => Mean 65.6135: 
2025-05-20 00:01:59,901 [train_script_python_cifar100_Im21k.py] => Variance 1.4729044499990778: 
2025-05-20 00:01:59,901 [train_script_python_cifar100_Im21k.py] => Standard Deviation 1.21363274922815: 
2025-05-20 00:01:59,901 [train_script_python_cifar100_Im21k.py] => Done... 
